<?xml version="1.0" encoding="UTF-8"?>
<!-- Generated by org.testng.reporters.JUnitReportReporter -->
<testsuite hostname="mary.local" failures="0" tests="9" name="LambdaTest.HomePageLoginClass" time="8.951" errors="0" timestamp="2021-02-27T01:47:54 WAT" skipped="0">
  <testcase classname="LambdaTest.HomePageLoginClass" name="populateEmailTest" time="2.887"/>
  <system-out/>
  <testcase classname="LambdaTest.HomePageLoginClass" name="radioButtonTest" time="2.165"/>
  <system-out/>
  <testcase classname="LambdaTest.HomePageLoginClass" name="checkBoxTest" time="0.194"/>
  <system-out/>
  <testcase classname="LambdaTest.HomePageLoginClass" name="dropdownTest" time="0.308"/>
  <system-out/>
  <testcase classname="LambdaTest.HomePageLoginClass" name="feedbackTest" time="0.153"/>
  <system-out/>
  <testcase classname="LambdaTest.HomePageLoginClass" name="ratingScaleTest" time="0.462"/>
  <system-out/>
  <testcase classname="LambdaTest.HomePageLoginClass" name="launchnewTabTest" time="2.298"/>
  <system-out/>
  <testcase classname="LambdaTest.HomePageLoginClass" name="uploadlogoTest" time="0.237"/>
  <system-out/>
  <testcase classname="LambdaTest.HomePageLoginClass" name="submitPageTest" time="0.247"/>
  <system-out/>
</testsuite> <!-- LambdaTest.HomePageLoginClass -->
